[2016-09-22 10:34:46] START
[2016-11-27 02:35:35] EDIT hw4/views/default/index.html: 0
[2016-11-27 02:36:16] EDIT hw4/views/default/index.html: 0
[2016-11-27 02:36:42] EDIT hw4/static/js/default_index.js: 1
[2016-11-27 02:37:32] EDIT hw4/static/js/default_index.js: 0
[2016-11-27 02:39:51] EDIT hw4/views/default/index.html: 0
[2016-11-27 04:27:30] EDIT hw4/static/js/default_index.js: 0
[2016-11-28 22:18:38] DELETE hw4/static/js/default_index.js.bak: -162
[2016-11-28 22:53:08] EDIT hw4/static/js/default_index.js: 9
[2016-11-28 22:53:56] EDIT hw4/static/js/default_index.js: -9
[2016-11-28 22:54:51] EDIT hw4/views/default/index.html: 0
[2016-11-28 22:55:02] EDIT hw4/views/default/index.html: 0
[2016-11-28 22:55:04] EDIT hw4/static/js/default_index.js: 0
[2016-11-28 22:55:05] EDIT hw4/static/js/default_index.js: 0
[2016-11-28 22:57:16] EDIT hw4/controllers/default.py: 5
[2016-11-28 22:57:40] EDIT hw4/views/default/index.html: 0
[2016-11-28 22:58:31] EDIT hw4/controllers/default.py: 0
[2016-11-28 22:59:04] EDIT hw4/static/js/default_index.js: 1
[2016-11-28 23:00:32] EDIT hw4/controllers/default.py: 0
[2016-11-28 23:04:33] EDIT hw4/static/js/default_index.js: 1
[2016-11-28 23:06:03] EDIT hw4/controllers/default.py: 1
[2016-11-28 23:06:56] EDIT hw4/controllers/default.py: -1
[2016-11-28 23:07:26] EDIT hw4/controllers/default.py: 0
[2016-11-28 23:09:27] EDIT hw4/controllers/default.py: 0
[2016-11-28 23:09:49] EDIT hw4/controllers/default.py: 0
[2016-11-28 23:09:57] EDIT hw4/controllers/default.py: 1
[2016-11-28 23:10:44] EDIT hw4/controllers/default.py: 0
[2016-11-28 23:11:00] EDIT hw4/controllers/default.py: 0
[2016-11-28 23:11:20] EDIT hw4/controllers/default.py: 0
[2016-11-28 23:11:58] EDIT hw4/controllers/default.py: 0
[2016-11-28 23:14:08] EDIT hw4/controllers/default.py: -1
[2016-11-28 23:14:33] EDIT hw4/controllers/default.py: 1
[2016-11-28 23:14:46] EDIT hw4/static/js/default_index.js: 0
[2016-11-28 23:15:58] EDIT hw4/controllers/default.py: -2
[2016-11-28 23:16:35] EDIT hw4/controllers/default.py: 1
[2016-11-28 23:17:00] EDIT hw4/controllers/default.py: -1
[2016-11-28 23:18:22] EDIT hw4/controllers/default.py: -1
[2016-11-28 23:18:27] EDIT hw4/controllers/default.py: 0
[2016-11-28 23:19:23] EDIT hw4/controllers/default.py: -1
[2016-11-28 23:19:27] EDIT hw4/controllers/default.py: 0
[2016-11-28 23:19:44] EDIT hw4/controllers/default.py: 1
[2016-11-28 23:20:35] EDIT hw4/controllers/default.py: 0
[2016-11-28 23:20:50] EDIT hw4/controllers/default.py: 0
[2016-11-28 23:21:13] EDIT hw4/controllers/default.py: 0
[2016-11-28 23:21:15] EDIT hw4/controllers/default.py: 0
[2016-11-28 23:22:09] EDIT hw4/controllers/default.py: 1
[2016-11-28 23:23:31] EDIT hw4/controllers/default.py: 0
[2016-11-28 23:23:52] EDIT hw4/controllers/default.py: 0
[2016-11-28 23:23:53] EDIT hw4/controllers/default.py: 0
[2016-11-28 23:23:56] EDIT hw4/static/js/default_index.js: 0
[2016-11-28 23:23:58] EDIT hw4/views/default/index.html: 0
[2016-11-28 23:24:23] EDIT hw4/controllers/default.py: -2
[2016-11-28 23:25:47] EDIT hw4/controllers/default.py: -2
[2016-11-28 23:25:51] EDIT hw4/controllers/default.py: 0
[2016-11-28 23:26:58] EDIT hw4/controllers/default.py: 0
[2016-11-28 23:27:26] EDIT hw4/controllers/default.py: 0
[2016-11-28 23:27:27] EDIT hw4/controllers/default.py: 0
[2016-11-28 23:27:35] EDIT hw4/controllers/default.py: 2
[2016-11-28 23:28:10] EDIT hw4/controllers/default.py: 0
[2016-11-28 23:28:24] EDIT hw4/controllers/default.py: -2
[2016-11-28 23:29:15] EDIT hw4/controllers/default.py: 1
[2016-11-28 23:30:07] EDIT hw4/controllers/default.py: -1
[2016-11-28 23:43:59] EDIT hw4/controllers/default.py: 3
[2016-11-28 23:46:00] EDIT hw4/controllers/default.py: -2
[2016-11-28 23:46:13] EDIT hw4/controllers/default.py: 0
[2016-11-28 23:46:57] EDIT hw4/static/js/default_index.js: -2
[2016-11-28 23:53:39] EDIT hw4/static/js/default_index.js: 6
[2016-11-28 23:55:56] EDIT hw4/models/tables.py: 5
[2016-11-28 23:58:32] EDIT hw4/controllers/default.py: 6
[2016-11-28 23:58:33] EDIT hw4/controllers/default.py: 0
[2016-11-28 23:59:56] EDIT hw4/controllers/default.py: 0
[2016-11-29 00:00:43] EDIT hw4/models/tables.py: 0
[2016-11-29 00:01:35] EDIT hw4/models/tables.py: 0
[2016-11-29 00:01:40] EDIT hw4/controllers/default.py: 0
[2016-11-29 00:01:47] EDIT hw4/controllers/default.py: 0
[2016-11-29 00:03:23] EDIT hw4/static/js/default_index.js: -2
[2016-11-29 00:04:08] EDIT hw4/static/js/default_index.js: 1
[2016-11-29 00:05:22] EDIT hw4/models/tables.py: 0
[2016-11-29 00:05:23] EDIT hw4/models/tables.py: 0
[2016-11-29 00:05:29] EDIT hw4/static/js/default_index.js: -1
[2016-11-29 00:06:41] EDIT hw4/controllers/default.py: 0
[2016-11-29 00:10:28] EDIT hw4/views/default/index.html: 3
[2016-11-29 00:13:30] EDIT hw4/views/default/index.html: 7
[2016-11-29 00:13:57] EDIT hw4/views/default/index.html: -7
[2016-11-29 00:15:36] EDIT hw4/views/default/index.html: 6
[2016-11-29 00:16:10] EDIT hw4/views/default/index.html: -5
[2016-11-29 00:16:30] EDIT hw4/views/default/index.html: -1
[2016-11-29 00:16:48] EDIT hw4/views/default/index.html: 0
[2016-11-29 00:17:06] EDIT hw4/views/default/index.html: 0
[2016-11-29 00:17:28] EDIT hw4/views/default/index.html: 5
[2016-11-29 00:18:00] EDIT hw4/views/default/index.html: 0
[2016-11-29 00:20:36] EDIT hw4/static/js/default_index.js: 5
[2016-11-29 00:20:40] EDIT hw4/static/js/default_index.js: 0
[2016-11-29 00:21:50] EDIT hw4/static/js/default_index.js: 0
[2016-11-29 00:22:04] EDIT hw4/static/js/default_index.js: 1
[2016-11-29 00:22:19] EDIT hw4/static/js/default_index.js: 0
[2016-11-29 00:22:22] EDIT hw4/views/default/index.html: 1
[2016-11-29 00:24:56] EDIT hw4/controllers/default.py: 5
[2016-11-29 00:27:35] EDIT hw4/views/default/index.html: 0
[2016-11-29 00:28:06] EDIT hw4/controllers/default.py: 0
[2016-11-29 00:29:03] EDIT hw4/static/js/default_index.js: 2
[2016-11-29 00:30:03] EDIT hw4/static/js/default_index.js: 1
[2016-11-29 00:30:20] EDIT hw4/views/default/index.html: 1
[2016-11-29 00:31:36] EDIT hw4/views/default/index.html: 0
[2016-11-29 00:36:51] EDIT hw4/models/tables.py: 0
[2016-11-29 00:37:27] EDIT hw4/views/default/index.html: 0
[2016-11-29 00:38:19] EDIT hw4/controllers/default.py: 1
[2016-11-29 00:42:17] EDIT hw4/static/js/default_index.js: 1
[2016-11-29 00:43:01] EDIT hw4/static/js/default_index.js: 2
[2016-11-29 00:43:50] EDIT hw4/models/tables.py: 0
[2016-11-29 00:46:10] EDIT hw4/models/tables.py: 0
[2016-11-29 00:46:24] EDIT hw4/controllers/default.py: -1
[2016-11-29 00:46:33] EDIT hw4/controllers/default.py: 0
[2016-11-29 00:48:05] EDIT hw4/controllers/default.py: 0
[2016-11-29 00:48:30] EDIT hw4/controllers/default.py: 0
[2016-11-29 00:48:40] EDIT hw4/controllers/default.py: 0
[2016-11-29 00:50:18] EDIT hw4/controllers/default.py: 0
[2016-11-29 00:51:13] EDIT hw4/static/js/default_index.js: 1
[2016-11-29 00:52:30] EDIT hw4/controllers/default.py: -1
[2016-11-29 00:52:49] EDIT hw4/controllers/default.py: 0
[2016-11-29 00:54:58] EDIT hw4/controllers/default.py: 0
[2016-11-29 00:55:46] EDIT hw4/controllers/default.py: 1
[2016-11-29 02:38:53] EDIT hw4/static/js/default_index.js: 1
[2016-11-29 02:40:45] EDIT hw4/static/js/default_index.js: 0
[2016-11-29 02:41:18] EDIT hw4/static/js/default_index.js: 0
[2016-11-29 02:42:04] EDIT hw4/views/default/index.html: 0
[2016-11-29 02:42:52] EDIT hw4/controllers/default.py: -1
[2016-11-29 02:43:04] EDIT hw4/views/default/index.html: 0
[2016-11-29 02:43:57] EDIT hw4/static/js/default_index.js: 0
[2016-11-29 02:44:50] EDIT hw4/controllers/default.py: 0
[2016-11-29 02:44:50] EDIT hw4/controllers/default.py: 0
[2016-11-29 02:44:55] EDIT hw4/controllers/default.py: 0
[2016-11-29 02:45:39] EDIT hw4/controllers/default.py: 0
[2016-11-29 02:45:42] EDIT hw4/controllers/default.py: 0
[2016-11-29 02:45:57] EDIT hw4/controllers/default.py: 0
[2016-11-29 02:46:10] EDIT hw4/controllers/default.py: 0
[2016-11-29 02:46:32] EDIT hw4/static/js/default_index.js: 1
[2016-11-29 02:47:16] EDIT hw4/controllers/default.py: 0
[2016-11-29 02:47:36] EDIT hw4/controllers/default.py: -1
[2016-11-29 02:50:16] EDIT hw4/controllers/default.py: 0
[2016-11-29 02:50:31] EDIT hw4/static/js/default_index.js: 0
[2016-11-29 02:53:22] EDIT hw4/views/default/index.html: 25
[2016-11-29 02:53:45] EDIT hw4/views/default/index.html: 0
[2016-11-29 02:55:04] EDIT hw4/static/js/default_index.js: 0
[2016-11-29 02:55:32] EDIT hw4/static/js/default_index.js: 0
[2016-11-29 02:58:59] EDIT hw4/static/js/default_index.js: 2
[2016-11-29 02:59:17] EDIT hw4/static/js/default_index.js: 0
[2016-11-29 03:00:20] EDIT hw4/views/default/index.html: 1
[2016-11-29 03:02:46] EDIT hw4/static/js/default_index.js: 1
[2016-11-29 03:03:20] EDIT hw4/static/js/default_index.js: -1
[2016-11-29 03:04:35] EDIT hw4/views/default/index.html: -5
[2016-11-29 03:04:36] EDIT hw4/views/default/index.html: 0
[2016-11-29 03:05:54] EDIT hw4/static/js/default_index.js: 0
[2016-11-29 03:05:57] EDIT hw4/controllers/default.py: 0
[2016-11-29 03:06:58] EDIT hw4/views/default/index.html: 1
[2016-11-29 03:07:00] EDIT hw4/views/default/index.html: 0
[2016-11-29 03:07:37] EDIT hw4/views/default/index.html: 0
[2016-11-29 03:07:39] EDIT hw4/controllers/default.py: 0
[2016-11-29 03:07:40] EDIT hw4/static/js/default_index.js: 0
[2016-11-29 18:40:35] DELETE hw4/static/js/default_index.js.1: -166
[2016-11-29 18:41:01] DELETE hw4/static/js/default_index.js.bak: -183
[2016-11-30 00:47:37] EDIT hw4/static/js/default_index.js: 0
[2016-11-30 02:33:29] EDIT hw4/controllers/default.py: 0
[2016-11-30 02:33:41] EDIT hw4/static/js/default_index.js: 0
[2016-11-30 02:41:03] EDIT hw4/controllers/default.py: 0
[2016-11-30 02:41:04] EDIT hw4/controllers/default.py: 0
[2016-11-30 02:41:42] EDIT hw4/controllers/default.py: 0
[2016-11-30 02:45:11] EDIT hw4/controllers/default.py: 0
[2016-11-30 03:12:11] EDIT hw4/controllers/default.py: 0
[2016-11-30 06:09:34] EDIT hw4/views/default/index.html: 2
[2016-11-30 06:10:41] EDIT hw4/views/default/index.html: 0
[2016-11-30 06:11:13] EDIT hw4/views/default/index.html: 0
[2016-11-30 06:11:57] EDIT hw4/views/default/index.html: -2
[2016-11-30 06:12:39] EDIT hw4/views/default/index.html: 0
[2016-11-30 06:13:01] EDIT hw4/views/default/index.html: 0
[2016-11-30 06:13:20] EDIT hw4/views/default/index.html: 0
